Mixed logit with 100 MLHS draws: 3 lognormal, 2 normal, 2 fixed.
Checking inputs.
Inputs have been checked and look fine.
Creating data arrays for run.
Creating draws.
Start estimation
The negative of the log-likelihood is minimized,
which is the same as maximizing the log-likelihood.
                                                        First-order 
 Iteration  Func-count       f(x)        Step-size       optimality
     0           1          22043.4                     4.71e+004
     1           2          2156.37   2.12255e-005            837  
     2           4          1953.15             10            439  
     3           5          1739.86              1            289  
     4           6          1585.41              1            133  
     5           7          1513.48              1           58.4  
     6           8          1495.04              1           63.1  
     7           9          1491.88              1             79  
     8          10          1491.27              1           84.4  
     9          11          1490.54              1           88.5  
    10          12           1488.6              1           94.1  
    11          13          1484.26              1           98.6  
    12          14          1475.38              1           96.5  
    13          15          1462.26              1           78.6  
    14          16          1450.01              1           49.2  
    15          17          1442.99              1           50.2  
    16          18          1440.43              1           46.2  
    17          19             1440              1           41.9  
    18          20           1439.8              1           39.4  
    19          21          1439.48              1           36.6  
                                                        First-order 
 Iteration  Func-count       f(x)        Step-size       optimality
    20          22          1438.52              1           35.4  
    21          23          1436.13              1           43.5  
    22          24          1430.12              1           61.6  
    23          25          1421.06              1           68.4  
    24          26          1413.87              1           57.5  
    25          27          1404.27              1           54.1  
    26          28          1401.41              1             44  
    27          29           1400.9              1           38.3  
    28          30          1400.73              1           37.9  
    29          31          1399.36              1           41.2  
    30          32          1397.89              1           41.2  
    31          33          1393.34              1           34.7  
    32          34          1387.06              1             38  
    33          35          1381.22              1           34.6  
    34          36           1374.6              1           20.4  
    35          37          1373.13              1           14.8  
    36          38          1372.12              1           14.9  
    37          40          1371.75       0.385905           16.8  
    38          43          1367.79        3.35859           19.7  
    39          44          1366.56              1           18.9  
                                                        First-order 
 Iteration  Func-count       f(x)        Step-size       optimality
    40          45          1364.77              1           17.3  
    41          47          1364.53       0.418944           16.7  
    42          48          1364.36              1             17  
    43          49          1364.33              1             17  
    44          50          1364.18              1             17  
    45          51          1363.96              1             17  
    46          52          1363.23              1           16.9  
    47          53          1361.57              1           18.1  
    48          54          1357.94              1           29.8  
    49          55          1354.94              1           34.7  
    50          56          1350.95              1           25.1  
    51          57           1348.7              1           12.3  
    52          58          1348.26              1           11.9  
    53          59          1348.24              1           11.2  
    54          60          1348.21              1           10.9  
    55          61          1348.14              1           10.9  
    56          62          1347.96              1           10.9  
    57          63          1347.49              1           10.8  
    58          64          1346.39              1             12  
    59          65          1345.23              1           11.3  
                                                        First-order 
 Iteration  Func-count       f(x)        Step-size       optimality
    60          66          1341.95              1           8.36  
    61          67          1338.91              1           9.27  
    62          68          1335.49              1           15.8  
    63          69          1334.41              1           11.5  
    64          70          1333.96              1           11.1  
    65          72          1333.87       0.463628           11.1  
    66          73          1333.86              1           10.9  
    67          74          1333.84              1           10.4  
    68          75          1333.83              1           10.1  
    69          76          1333.75              1           8.97  
    70          77           1333.6              1           7.55  
    71          78          1333.14              1           7.88  
    72          79          1331.84              1           9.02  
    73          80          1330.45              1           9.09  
    74          81          1329.59              1           7.82  
    75          82          1328.86              1           9.45  
    76          83          1328.78              1           8.95  
    77          84          1328.76              1           8.65  
    78          85          1328.75              1           8.64  
    79          86          1328.67              1           8.78  
                                                        First-order 
 Iteration  Func-count       f(x)        Step-size       optimality
    80          87           1328.5              1           9.44  
    81          88          1328.32              1           10.2  
    82          89          1327.95              1           9.85  
    83          90          1327.24              1           9.42  
    84          91          1326.41              1           11.1  
    85          92          1323.61              1           15.6  
    86          95           1323.3      0.0398983             16  
    87          96          1323.12              1             14  
    88          97          1321.12              1           8.25  
    89          98          1320.45              1            5.6  
    90          99          1319.74              1           7.26  
    91         100          1318.96              1            8.1  
    92         103          1318.55           0.05           7.52  
    93         104          1317.99              1           7.72  
    94         105          1317.63              1           9.04  
    95         106          1317.56              1           8.61  
    96         107          1317.52              1           8.64  
    97         108          1317.49              1           8.56  
    98         109          1317.46              1           8.49  
    99         110          1317.45              1           8.45  
                                                        First-order 
 Iteration  Func-count       f(x)        Step-size       optimality
   100         111          1317.41              1           8.42  
   101         112          1317.32              1           8.34  
   102         113          1317.09              1           8.08  
   103         114          1316.55              1           9.25  
   104         115           1315.5              1           12.8  
   105         116          1313.94              1           13.8  
   106         117          1311.72              1           15.1  
   107         119          1310.77            0.1           14.9  
   108         120          1309.31              1            9.8  
   109         121           1308.3              1            6.2  
   110         122          1308.17              1           5.18  
   111         123          1307.89              1           5.04  
   112         124          1307.84              1           5.19  
   113         125          1307.82              1           4.96  
   114         126          1307.82              1           4.78  
   115         127          1307.82              1           4.73  
   116         128          1307.81              1           4.53  
   117         129           1307.8              1           4.29  
   118         130          1307.77              1            4.4  
   119         131          1307.71              1           4.79  
                                                        First-order 
 Iteration  Func-count       f(x)        Step-size       optimality
   120         132           1307.6              1           4.61  
   121         133          1307.45              1           3.21  
   122         134          1307.36              1           1.47  
   123         135          1307.34              1           1.19  
   124         136          1307.33              1           1.19  
   125         137          1307.33              1           1.18  
   126         138          1307.33              1           1.15  
   127         139          1307.33              1           1.12  
   128         140          1307.33              1           1.05  
   129         141          1307.33              1          0.934  
   130         142          1307.32              1           1.01  
   131         143          1307.29              1           1.28  
   132         144          1307.24              1           1.74  
   133         145          1307.13              1           2.29  
   134         146          1307.02              1           2.29  
   135         147          1306.96              1            1.2  
   136         148          1306.94              1          0.398  
   137         149          1306.94              1          0.123  
   138         150          1306.94              1         0.0431  
Optimization terminated: relative infinity-norm of gradient less than options.TolFun.
 
Estimation took 1.9273 minutes.
 
Convergence achieved.
Value of the log-likelihood function at convergence: -1306.9376
 
Taking inverse of hessian for standard errors.
 
The value of grad*inv(hessian)*grad is: 0.00099848
RESULTS
 
 
FIXED COEFFICIENTS
 
                      F      
              ------------------ 
                Est         SE 
hiperf         0.1033     0.0957
medhiperf      0.5469     0.0990
 
RANDOM COEFFICIENTS
 
                      B                      W
              ------------------   -----------------------
                 Est     SE            Est         SE
price         -0.7711     0.1394    -0.9660     0.1355
opcost        -5.3374     0.8769     1.9192     0.5724
range         -0.7726     0.4670    -0.6521     0.2299
ev            -1.6596     0.3331     1.0951     0.2323
hybrid         0.5932     0.1615    -0.8636     0.1551
Distribution of coefficients in population implied by B-hat and W-hat.
using last NMEM draws.
 
                            Mean      StdDev     Share<0    Share=0
price      lognormal       0.7350     0.9082     0.0000     0.0000
opcost     lognormal       0.0288     0.1148     0.0000     0.0000
range      lognormal       0.5730     0.4189     0.0000     0.0000
ev         normal         -1.6551     1.0956     0.9344     0.0000
hybrid     normal          0.5903     0.8632     0.2472     0.0000
 
 
ESTIMATED PARAMETERS AND FULL COVARIANCE MATRIX.
The estimated values of the parameters are:

paramhat =

    0.1033
    0.5469
   -0.7711
   -5.3374
   -0.7726
   -1.6596
    0.5932
   -0.9660
    1.9192
   -0.6521
    1.0951
   -0.8636

The covariance matrix for these parameters is:

ihess =

  Columns 1 through 7 

    0.0092   -0.0045   -0.0002    0.0023   -0.0003   -0.0002   -0.0003
   -0.0045    0.0098    0.0008   -0.0008   -0.0002   -0.0003    0.0008
   -0.0002    0.0008    0.0194   -0.0022    0.0040    0.0032    0.0070
    0.0023   -0.0008   -0.0022    0.7689    0.0108   -0.0895   -0.0606
   -0.0003   -0.0002    0.0040    0.0108    0.2181   -0.1176    0.0002
   -0.0002   -0.0003    0.0032   -0.0895   -0.1176    0.1110    0.0164
   -0.0003    0.0008    0.0070   -0.0606    0.0002    0.0164    0.0261
   -0.0000   -0.0007    0.0073    0.0032    0.0014    0.0028    0.0008
   -0.0016    0.0007    0.0003   -0.4833   -0.0066    0.0509    0.0380
   -0.0001   -0.0006    0.0011    0.0037    0.0886   -0.0400   -0.0010
   -0.0004    0.0018    0.0017   -0.0173    0.0041   -0.0046    0.0031
    0.0001   -0.0013   -0.0002    0.0121    0.0007   -0.0015   -0.0031

  Columns 8 through 12 

   -0.0000   -0.0016   -0.0001   -0.0004    0.0001
   -0.0007    0.0007   -0.0006    0.0018   -0.0013
    0.0073    0.0003    0.0011    0.0017   -0.0002
    0.0032   -0.4833    0.0037   -0.0173    0.0121
    0.0014   -0.0066    0.0886    0.0041    0.0007
    0.0028    0.0509   -0.0400   -0.0046   -0.0015
    0.0008    0.0380   -0.0010    0.0031   -0.0031
    0.0183   -0.0040    0.0003   -0.0017    0.0034
   -0.0040    0.3276   -0.0016    0.0130   -0.0104
    0.0003   -0.0016    0.0529    0.0123    0.0005
   -0.0017    0.0130    0.0123    0.0540   -0.0097
    0.0034   -0.0104    0.0005   -0.0097    0.0241

 
You can access the estimated parameters as variable paramhat,
the gradient of the negative of the log-likelihood function as variable grad,
the hessian of the negative of the log-likelihood function as variable hessian,
and the inverse of the hessian as variable ihess.
The hessian is calculated by the BFGS updating procedure.
