Checking inputs.
Inputs have been checked and look fine.
Creating data arrays for run.
Creating draws.
Start estimation
The negative of the log-likelihood is minimized,
which is the same as maximizing the log-likelihood.
                                                        First-order 
 Iteration  Func-count       f(x)        Step-size       optimality
     0           1          10042.4                      5.16e+04
{Operation terminated by user during <a href="matlab:matlab.internal.language.introspective.errorDocCallback('llgrad2', 'C:\Users\vinee\OneDrive - Massachusetts Institute of Technology\MIT\AAC\Code\AAC_cpt\supercloud_mode-choice\llgrad2.m', 88)" style="font-weight:bold">llgrad2</a> (<a href="matlab: opentoline('C:\Users\vinee\OneDrive - Massachusetts Institute of Technology\MIT\AAC\Code\AAC_cpt\supercloud_mode-choice\llgrad2.m',88,0)">line 88</a>)


In <a href="matlab:matlab.internal.language.introspective.errorDocCallback('loglik', 'C:\Users\vinee\OneDrive - Massachusetts Institute of Technology\MIT\AAC\Code\AAC_cpt\supercloud_mode-choice\loglik.m', 36)" style="font-weight:bold">loglik</a> (<a href="matlab: opentoline('C:\Users\vinee\OneDrive - Massachusetts Institute of Technology\MIT\AAC\Code\AAC_cpt\supercloud_mode-choice\loglik.m',36,0)">line 36</a>)
[p g]=llgrad2(f,b,w);

In lineSearch

In lineSearch

In <a href="matlab:matlab.internal.language.introspective.errorDocCallback('fminusub', 'C:\Program Files\MATLAB\R2020b\toolbox\optim\optim\private\fminusub.m', 186)" style="font-weight:bold">fminusub</a> (<a href="matlab: opentoline('C:\Program Files\MATLAB\R2020b\toolbox\optim\optim\private\fminusub.m',186,0)">line 186</a>)
          lineSearch(funfcn,x,dir,f,dirDerivative, ...

In <a href="matlab:matlab.internal.language.introspective.errorDocCallback('fminunc', 'C:\Program Files\MATLAB\R2020b\toolbox\optim\optim\fminunc.m', 475)" style="font-weight:bold">fminunc</a> (<a href="matlab: opentoline('C:\Program Files\MATLAB\R2020b\toolbox\optim\optim\fminunc.m',475,0)">line 475</a>)
   [x,FVAL,GRAD,HESSIAN,EXITFLAG,OUTPUT] = fminusub(funfcn,x, ...

In <a href="matlab:matlab.internal.language.introspective.errorDocCallback('doit', 'C:\Users\vinee\OneDrive - Massachusetts Institute of Technology\MIT\AAC\Code\AAC_cpt\supercloud_mode-choice\doit.m', 121)" style="font-weight:bold">doit</a> (<a href="matlab: opentoline('C:\Users\vinee\OneDrive - Massachusetts Institute of Technology\MIT\AAC\Code\AAC_cpt\supercloud_mode-choice\doit.m',121,0)">line 121</a>)
[paramhat,fval,exitflag,output,grad,hessian]=fminunc(@loglik,param,options);

In <a href="matlab:matlab.internal.language.introspective.errorDocCallback('mxlmsl_vineet_random', 'C:\Users\vinee\OneDrive - Massachusetts Institute of Technology\MIT\AAC\Code\AAC_cpt\supercloud_mode-choice\mxlmsl_vineet_random.m', 248)" style="font-weight:bold">mxlmsl_vineet_random</a> (<a href="matlab: opentoline('C:\Users\vinee\OneDrive - Massachusetts Institute of Technology\MIT\AAC\Code\AAC_cpt\supercloud_mode-choice\mxlmsl_vineet_random.m',248,0)">line 248</a>)
doit

In <a href="matlab:matlab.internal.language.introspective.errorDocCallback('LiveEditorEvaluationHelperESectionEvale6057316', 'C:\Users\vinee\AppData\Local\Temp\Editor_bmdbu\LiveEditorEvaluationHelperESectionEvale6057316.m', 37)" style="font-weight:bold">LiveEditorEvaluationHelperESectionEvale6057316</a> (<a href="matlab: opentoline('C:\Users\vinee\AppData\Local\Temp\Editor_bmdbu\LiveEditorEvaluationHelperESectionEvale6057316.m',37,0)">line 37</a>)
    mxlmsl_vineet_random;

In matlab.internal.editor.evaluateCode
} 
clc

n_runs =

        1152

clc
load('factor_levels.mat')
latex(sym(factor_levels))

ans =

    '\left(\begin{array}{ccccccccc} 3 & 2 & 2 & 1 & 3 & 1 & 1 & 1 & 1\\ 3 & 1 & 5 & 3 & 3 & 2 & 3 & 1 & 2\\ 2 & 2 & 6 & 2 & 2 & 2 & 2 & 1 & 2\\ 1 & 1 & 1 & 2 & 3 & 3 & 2 & 2 & 1\\ 2 & 3 & 2 & 1 & 3 & 2 & 2 & 2 & 3\\ 2 & 2 & 3 & 3 & 2 & 3 & 3 & 2 & 1\\ 3 & 3 & 5 & 2 & 2 & 1 & 1 & 2 & 2\\ 2 & 1 & 6 & 1 & 1 & 1 & 3 & 2 & 2\\ 3 & 3 & 3 & 2 & 1 & 2 & 3 & 3 & 1\\ 1 & 1 & 5 & 1 & 2 & 2 & 1 & 3 & 1\\ 1 & 2 & 6 & 2 & 3 & 1 & 3 & 3 & 3 \end{array}\right)'

